::1 - - [Sat, 23 Jan 2016 07:39:14 GMT] "GET /u/Admin HTTP/1.1" 304 - "http://localhost:3000/" "Mozilla/5.0 (Windows NT 6.1; WOW64) AppleWebKit/537.36 (KHTML, like Gecko) Chrome/48.0.2564.23 Safari/537.36"
::1 - - [Sat, 23 Jan 2016 07:39:14 GMT] "GET / HTTP/1.1" 200 2539 "http://localhost:3000/u/Admin" "Mozilla/5.0 (Windows NT 6.1; WOW64) AppleWebKit/537.36 (KHTML, like Gecko) Chrome/48.0.2564.23 Safari/537.36"
::1 - - [Sat, 23 Jan 2016 07:39:14 GMT] "GET /stylesheets/bootstrap.min.css HTTP/1.1" 304 - "http://localhost:3000/" "Mozilla/5.0 (Windows NT 6.1; WOW64) AppleWebKit/537.36 (KHTML, like Gecko) Chrome/48.0.2564.23 Safari/537.36"
::1 - - [Sat, 23 Jan 2016 07:39:14 GMT] "GET /stylesheets/bootstrap-theme.min.css HTTP/1.1" 304 - "http://localhost:3000/" "Mozilla/5.0 (Windows NT 6.1; WOW64) AppleWebKit/537.36 (KHTML, like Gecko) Chrome/48.0.2564.23 Safari/537.36"
::1 - - [Sat, 23 Jan 2016 07:39:14 GMT] "GET /stylesheets/style.css HTTP/1.1" 304 - "http://localhost:3000/" "Mozilla/5.0 (Windows NT 6.1; WOW64) AppleWebKit/537.36 (KHTML, like Gecko) Chrome/48.0.2564.23 Safari/537.36"
::1 - - [Sat, 23 Jan 2016 07:39:14 GMT] "GET /favicon.ico HTTP/1.1" 304 - "http://localhost:3000/" "Mozilla/5.0 (Windows NT 6.1; WOW64) AppleWebKit/537.36 (KHTML, like Gecko) Chrome/48.0.2564.23 Safari/537.36"
::1 - - [Sat, 23 Jan 2016 07:39:15 GMT] "GET / HTTP/1.1" 304 - "http://localhost:3000/" "Mozilla/5.0 (Windows NT 6.1; WOW64) AppleWebKit/537.36 (KHTML, like Gecko) Chrome/48.0.2564.23 Safari/537.36"
::1 - - [Sat, 23 Jan 2016 07:39:15 GMT] "GET /stylesheets/bootstrap.min.css HTTP/1.1" 304 - "http://localhost:3000/" "Mozilla/5.0 (Windows NT 6.1; WOW64) AppleWebKit/537.36 (KHTML, like Gecko) Chrome/48.0.2564.23 Safari/537.36"
::1 - - [Sat, 23 Jan 2016 07:39:15 GMT] "GET /stylesheets/bootstrap-theme.min.css HTTP/1.1" 304 - "http://localhost:3000/" "Mozilla/5.0 (Windows NT 6.1; WOW64) AppleWebKit/537.36 (KHTML, like Gecko) Chrome/48.0.2564.23 Safari/537.36"
::1 - - [Sat, 23 Jan 2016 07:39:15 GMT] "GET /stylesheets/style.css HTTP/1.1" 304 - "http://localhost:3000/" "Mozilla/5.0 (Windows NT 6.1; WOW64) AppleWebKit/537.36 (KHTML, like Gecko) Chrome/48.0.2564.23 Safari/537.36"
::1 - - [Fri, 19 Feb 2016 08:43:43 GMT] "GET / HTTP/1.1" 200 2338 "-" "Mozilla/5.0 (Windows NT 6.1; WOW64) AppleWebKit/537.36 (KHTML, like Gecko) Chrome/48.0.2564.23 Safari/537.36"
::1 - - [Fri, 19 Feb 2016 08:43:44 GMT] "GET /stylesheets/bootstrap.min.css HTTP/1.1" 200 122744 "http://localhost:3000/" "Mozilla/5.0 (Windows NT 6.1; WOW64) AppleWebKit/537.36 (KHTML, like Gecko) Chrome/48.0.2564.23 Safari/537.36"
::1 - - [Fri, 19 Feb 2016 08:43:44 GMT] "GET /stylesheets/bootstrap-theme.min.css HTTP/1.1" 200 23361 "http://localhost:3000/" "Mozilla/5.0 (Windows NT 6.1; WOW64) AppleWebKit/537.36 (KHTML, like Gecko) Chrome/48.0.2564.23 Safari/537.36"
::1 - - [Fri, 19 Feb 2016 08:43:44 GMT] "GET /stylesheets/style.css HTTP/1.1" 200 327 "http://localhost:3000/" "Mozilla/5.0 (Windows NT 6.1; WOW64) AppleWebKit/537.36 (KHTML, like Gecko) Chrome/48.0.2564.23 Safari/537.36"
::1 - - [Fri, 19 Feb 2016 08:43:44 GMT] "GET /favicon.ico HTTP/1.1" 200 125662 "http://localhost:3000/" "Mozilla/5.0 (Windows NT 6.1; WOW64) AppleWebKit/537.36 (KHTML, like Gecko) Chrome/48.0.2564.23 Safari/537.36"
::1 - - [Fri, 19 Feb 2016 08:43:49 GMT] "GET / HTTP/1.1" 304 - "http://localhost:3000/" "Mozilla/5.0 (Windows NT 6.1; WOW64) AppleWebKit/537.36 (KHTML, like Gecko) Chrome/48.0.2564.23 Safari/537.36"
::1 - - [Fri, 19 Feb 2016 08:43:49 GMT] "GET /stylesheets/bootstrap.min.css HTTP/1.1" 304 - "http://localhost:3000/" "Mozilla/5.0 (Windows NT 6.1; WOW64) AppleWebKit/537.36 (KHTML, like Gecko) Chrome/48.0.2564.23 Safari/537.36"
::1 - - [Fri, 19 Feb 2016 08:43:49 GMT] "GET /stylesheets/bootstrap-theme.min.css HTTP/1.1" 304 - "http://localhost:3000/" "Mozilla/5.0 (Windows NT 6.1; WOW64) AppleWebKit/537.36 (KHTML, like Gecko) Chrome/48.0.2564.23 Safari/537.36"
::1 - - [Fri, 19 Feb 2016 08:43:49 GMT] "GET /stylesheets/style.css HTTP/1.1" 304 - "http://localhost:3000/" "Mozilla/5.0 (Windows NT 6.1; WOW64) AppleWebKit/537.36 (KHTML, like Gecko) Chrome/48.0.2564.23 Safari/537.36"
::1 - - [Fri, 19 Feb 2016 08:43:53 GMT] "GET /login HTTP/1.1" 200 1034 "http://localhost:3000/" "Mozilla/5.0 (Windows NT 6.1; WOW64) AppleWebKit/537.36 (KHTML, like Gecko) Chrome/48.0.2564.23 Safari/537.36"
::1 - - [Fri, 19 Feb 2016 08:43:53 GMT] "GET /stylesheets/bootstrap.min.css HTTP/1.1" 304 - "http://localhost:3000/login" "Mozilla/5.0 (Windows NT 6.1; WOW64) AppleWebKit/537.36 (KHTML, like Gecko) Chrome/48.0.2564.23 Safari/537.36"
::1 - - [Fri, 19 Feb 2016 08:43:53 GMT] "GET /stylesheets/bootstrap-theme.min.css HTTP/1.1" 304 - "http://localhost:3000/login" "Mozilla/5.0 (Windows NT 6.1; WOW64) AppleWebKit/537.36 (KHTML, like Gecko) Chrome/48.0.2564.23 Safari/537.36"
::1 - - [Fri, 19 Feb 2016 08:43:53 GMT] "GET /stylesheets/style.css HTTP/1.1" 304 - "http://localhost:3000/login" "Mozilla/5.0 (Windows NT 6.1; WOW64) AppleWebKit/537.36 (KHTML, like Gecko) Chrome/48.0.2564.23 Safari/537.36"
::1 - - [Fri, 19 Feb 2016 08:43:54 GMT] "GET /reg HTTP/1.1" 200 1197 "http://localhost:3000/login" "Mozilla/5.0 (Windows NT 6.1; WOW64) AppleWebKit/537.36 (KHTML, like Gecko) Chrome/48.0.2564.23 Safari/537.36"
::1 - - [Fri, 19 Feb 2016 08:43:54 GMT] "GET /stylesheets/bootstrap.min.css HTTP/1.1" 304 - "http://localhost:3000/reg" "Mozilla/5.0 (Windows NT 6.1; WOW64) AppleWebKit/537.36 (KHTML, like Gecko) Chrome/48.0.2564.23 Safari/537.36"
::1 - - [Fri, 19 Feb 2016 08:43:54 GMT] "GET /stylesheets/bootstrap-theme.min.css HTTP/1.1" 304 - "http://localhost:3000/reg" "Mozilla/5.0 (Windows NT 6.1; WOW64) AppleWebKit/537.36 (KHTML, like Gecko) Chrome/48.0.2564.23 Safari/537.36"
::1 - - [Fri, 19 Feb 2016 08:43:54 GMT] "GET /stylesheets/style.css HTTP/1.1" 304 - "http://localhost:3000/reg" "Mozilla/5.0 (Windows NT 6.1; WOW64) AppleWebKit/537.36 (KHTML, like Gecko) Chrome/48.0.2564.23 Safari/537.36"
::1 - - [Fri, 19 Feb 2016 08:43:55 GMT] "GET /login HTTP/1.1" 304 - "http://localhost:3000/reg" "Mozilla/5.0 (Windows NT 6.1; WOW64) AppleWebKit/537.36 (KHTML, like Gecko) Chrome/48.0.2564.23 Safari/537.36"
::1 - - [Fri, 19 Feb 2016 08:43:55 GMT] "GET /stylesheets/bootstrap.min.css HTTP/1.1" 304 - "http://localhost:3000/login" "Mozilla/5.0 (Windows NT 6.1; WOW64) AppleWebKit/537.36 (KHTML, like Gecko) Chrome/48.0.2564.23 Safari/537.36"
::1 - - [Fri, 19 Feb 2016 08:43:55 GMT] "GET /stylesheets/bootstrap-theme.min.css HTTP/1.1" 304 - "http://localhost:3000/login" "Mozilla/5.0 (Windows NT 6.1; WOW64) AppleWebKit/537.36 (KHTML, like Gecko) Chrome/48.0.2564.23 Safari/537.36"
::1 - - [Fri, 19 Feb 2016 08:43:55 GMT] "GET /stylesheets/style.css HTTP/1.1" 304 - "http://localhost:3000/login" "Mozilla/5.0 (Windows NT 6.1; WOW64) AppleWebKit/537.36 (KHTML, like Gecko) Chrome/48.0.2564.23 Safari/537.36"
::1 - - [Fri, 19 Feb 2016 08:43:58 GMT] "POST /login HTTP/1.1" 302 56 "http://localhost:3000/login" "Mozilla/5.0 (Windows NT 6.1; WOW64) AppleWebKit/537.36 (KHTML, like Gecko) Chrome/48.0.2564.23 Safari/537.36"
::1 - - [Fri, 19 Feb 2016 08:43:58 GMT] "GET /login HTTP/1.1" 200 1052 "http://localhost:3000/login" "Mozilla/5.0 (Windows NT 6.1; WOW64) AppleWebKit/537.36 (KHTML, like Gecko) Chrome/48.0.2564.23 Safari/537.36"
::1 - - [Fri, 19 Feb 2016 08:43:58 GMT] "GET /stylesheets/bootstrap.min.css HTTP/1.1" 304 - "http://localhost:3000/login" "Mozilla/5.0 (Windows NT 6.1; WOW64) AppleWebKit/537.36 (KHTML, like Gecko) Chrome/48.0.2564.23 Safari/537.36"
::1 - - [Fri, 19 Feb 2016 08:43:58 GMT] "GET /stylesheets/bootstrap-theme.min.css HTTP/1.1" 304 - "http://localhost:3000/login" "Mozilla/5.0 (Windows NT 6.1; WOW64) AppleWebKit/537.36 (KHTML, like Gecko) Chrome/48.0.2564.23 Safari/537.36"
::1 - - [Fri, 19 Feb 2016 08:43:58 GMT] "GET /stylesheets/style.css HTTP/1.1" 304 - "http://localhost:3000/login" "Mozilla/5.0 (Windows NT 6.1; WOW64) AppleWebKit/537.36 (KHTML, like Gecko) Chrome/48.0.2564.23 Safari/537.36"
::1 - - [Fri, 19 Feb 2016 08:44:04 GMT] "POST /login HTTP/1.1" 302 56 "http://localhost:3000/login" "Mozilla/5.0 (Windows NT 6.1; WOW64) AppleWebKit/537.36 (KHTML, like Gecko) Chrome/48.0.2564.23 Safari/537.36"
::1 - - [Fri, 19 Feb 2016 08:44:04 GMT] "GET /login HTTP/1.1" 200 1052 "http://localhost:3000/login" "Mozilla/5.0 (Windows NT 6.1; WOW64) AppleWebKit/537.36 (KHTML, like Gecko) Chrome/48.0.2564.23 Safari/537.36"
::1 - - [Fri, 19 Feb 2016 08:44:04 GMT] "GET /stylesheets/bootstrap.min.css HTTP/1.1" 304 - "http://localhost:3000/login" "Mozilla/5.0 (Windows NT 6.1; WOW64) AppleWebKit/537.36 (KHTML, like Gecko) Chrome/48.0.2564.23 Safari/537.36"
::1 - - [Fri, 19 Feb 2016 08:44:04 GMT] "GET /stylesheets/bootstrap-theme.min.css HTTP/1.1" 304 - "http://localhost:3000/login" "Mozilla/5.0 (Windows NT 6.1; WOW64) AppleWebKit/537.36 (KHTML, like Gecko) Chrome/48.0.2564.23 Safari/537.36"
::1 - - [Fri, 19 Feb 2016 08:44:04 GMT] "GET /stylesheets/style.css HTTP/1.1" 304 - "http://localhost:3000/login" "Mozilla/5.0 (Windows NT 6.1; WOW64) AppleWebKit/537.36 (KHTML, like Gecko) Chrome/48.0.2564.23 Safari/537.36"
::1 - - [Fri, 19 Feb 2016 08:44:10 GMT] "POST /login HTTP/1.1" 302 56 "http://localhost:3000/login" "Mozilla/5.0 (Windows NT 6.1; WOW64) AppleWebKit/537.36 (KHTML, like Gecko) Chrome/48.0.2564.23 Safari/537.36"
::1 - - [Fri, 19 Feb 2016 08:44:10 GMT] "GET /login HTTP/1.1" 200 1052 "http://localhost:3000/login" "Mozilla/5.0 (Windows NT 6.1; WOW64) AppleWebKit/537.36 (KHTML, like Gecko) Chrome/48.0.2564.23 Safari/537.36"
::1 - - [Fri, 19 Feb 2016 08:44:10 GMT] "GET /stylesheets/bootstrap-theme.min.css HTTP/1.1" 304 - "http://localhost:3000/login" "Mozilla/5.0 (Windows NT 6.1; WOW64) AppleWebKit/537.36 (KHTML, like Gecko) Chrome/48.0.2564.23 Safari/537.36"
::1 - - [Fri, 19 Feb 2016 08:44:10 GMT] "GET /stylesheets/bootstrap.min.css HTTP/1.1" 304 - "http://localhost:3000/login" "Mozilla/5.0 (Windows NT 6.1; WOW64) AppleWebKit/537.36 (KHTML, like Gecko) Chrome/48.0.2564.23 Safari/537.36"
::1 - - [Fri, 19 Feb 2016 08:44:10 GMT] "GET /stylesheets/style.css HTTP/1.1" 304 - "http://localhost:3000/login" "Mozilla/5.0 (Windows NT 6.1; WOW64) AppleWebKit/537.36 (KHTML, like Gecko) Chrome/48.0.2564.23 Safari/537.36"
::1 - - [Fri, 19 Feb 2016 08:44:13 GMT] "POST /login HTTP/1.1" 302 56 "http://localhost:3000/login" "Mozilla/5.0 (Windows NT 6.1; WOW64) AppleWebKit/537.36 (KHTML, like Gecko) Chrome/48.0.2564.23 Safari/537.36"
::1 - - [Fri, 19 Feb 2016 08:44:13 GMT] "GET /login HTTP/1.1" 200 1052 "http://localhost:3000/login" "Mozilla/5.0 (Windows NT 6.1; WOW64) AppleWebKit/537.36 (KHTML, like Gecko) Chrome/48.0.2564.23 Safari/537.36"
::1 - - [Fri, 19 Feb 2016 08:44:13 GMT] "GET /stylesheets/bootstrap.min.css HTTP/1.1" 304 - "http://localhost:3000/login" "Mozilla/5.0 (Windows NT 6.1; WOW64) AppleWebKit/537.36 (KHTML, like Gecko) Chrome/48.0.2564.23 Safari/537.36"
::1 - - [Fri, 19 Feb 2016 08:44:13 GMT] "GET /stylesheets/bootstrap-theme.min.css HTTP/1.1" 304 - "http://localhost:3000/login" "Mozilla/5.0 (Windows NT 6.1; WOW64) AppleWebKit/537.36 (KHTML, like Gecko) Chrome/48.0.2564.23 Safari/537.36"
::1 - - [Fri, 19 Feb 2016 08:44:13 GMT] "GET /stylesheets/style.css HTTP/1.1" 304 - "http://localhost:3000/login" "Mozilla/5.0 (Windows NT 6.1; WOW64) AppleWebKit/537.36 (KHTML, like Gecko) Chrome/48.0.2564.23 Safari/537.36"
::1 - - [Fri, 19 Feb 2016 08:44:15 GMT] "GET /reg HTTP/1.1" 304 - "http://localhost:3000/login" "Mozilla/5.0 (Windows NT 6.1; WOW64) AppleWebKit/537.36 (KHTML, like Gecko) Chrome/48.0.2564.23 Safari/537.36"
::1 - - [Fri, 19 Feb 2016 08:44:15 GMT] "GET /stylesheets/bootstrap.min.css HTTP/1.1" 304 - "http://localhost:3000/reg" "Mozilla/5.0 (Windows NT 6.1; WOW64) AppleWebKit/537.36 (KHTML, like Gecko) Chrome/48.0.2564.23 Safari/537.36"
::1 - - [Fri, 19 Feb 2016 08:44:15 GMT] "GET /stylesheets/bootstrap-theme.min.css HTTP/1.1" 304 - "http://localhost:3000/reg" "Mozilla/5.0 (Windows NT 6.1; WOW64) AppleWebKit/537.36 (KHTML, like Gecko) Chrome/48.0.2564.23 Safari/537.36"
::1 - - [Fri, 19 Feb 2016 08:44:15 GMT] "GET /stylesheets/style.css HTTP/1.1" 304 - "http://localhost:3000/reg" "Mozilla/5.0 (Windows NT 6.1; WOW64) AppleWebKit/537.36 (KHTML, like Gecko) Chrome/48.0.2564.23 Safari/537.36"
::1 - - [Fri, 19 Feb 2016 08:44:29 GMT] "POST /reg HTTP/1.1" 302 46 "http://localhost:3000/reg" "Mozilla/5.0 (Windows NT 6.1; WOW64) AppleWebKit/537.36 (KHTML, like Gecko) Chrome/48.0.2564.23 Safari/537.36"
::1 - - [Fri, 19 Feb 2016 08:44:29 GMT] "GET / HTTP/1.1" 200 2552 "http://localhost:3000/reg" "Mozilla/5.0 (Windows NT 6.1; WOW64) AppleWebKit/537.36 (KHTML, like Gecko) Chrome/48.0.2564.23 Safari/537.36"
::1 - - [Fri, 19 Feb 2016 08:44:29 GMT] "GET /stylesheets/bootstrap.min.css HTTP/1.1" 304 - "http://localhost:3000/" "Mozilla/5.0 (Windows NT 6.1; WOW64) AppleWebKit/537.36 (KHTML, like Gecko) Chrome/48.0.2564.23 Safari/537.36"
::1 - - [Fri, 19 Feb 2016 08:44:29 GMT] "GET /stylesheets/bootstrap-theme.min.css HTTP/1.1" 304 - "http://localhost:3000/" "Mozilla/5.0 (Windows NT 6.1; WOW64) AppleWebKit/537.36 (KHTML, like Gecko) Chrome/48.0.2564.23 Safari/537.36"
::1 - - [Fri, 19 Feb 2016 08:44:29 GMT] "GET /stylesheets/style.css HTTP/1.1" 304 - "http://localhost:3000/" "Mozilla/5.0 (Windows NT 6.1; WOW64) AppleWebKit/537.36 (KHTML, like Gecko) Chrome/48.0.2564.23 Safari/537.36"
::1 - - [Fri, 19 Feb 2016 08:44:33 GMT] "GET / HTTP/1.1" 200 2539 "http://localhost:3000/" "Mozilla/5.0 (Windows NT 6.1; WOW64) AppleWebKit/537.36 (KHTML, like Gecko) Chrome/48.0.2564.23 Safari/537.36"
::1 - - [Fri, 19 Feb 2016 08:44:33 GMT] "GET /stylesheets/bootstrap.min.css HTTP/1.1" 304 - "http://localhost:3000/" "Mozilla/5.0 (Windows NT 6.1; WOW64) AppleWebKit/537.36 (KHTML, like Gecko) Chrome/48.0.2564.23 Safari/537.36"
::1 - - [Fri, 19 Feb 2016 08:44:33 GMT] "GET /stylesheets/bootstrap-theme.min.css HTTP/1.1" 304 - "http://localhost:3000/" "Mozilla/5.0 (Windows NT 6.1; WOW64) AppleWebKit/537.36 (KHTML, like Gecko) Chrome/48.0.2564.23 Safari/537.36"
::1 - - [Fri, 19 Feb 2016 08:44:33 GMT] "GET /stylesheets/style.css HTTP/1.1" 304 - "http://localhost:3000/" "Mozilla/5.0 (Windows NT 6.1; WOW64) AppleWebKit/537.36 (KHTML, like Gecko) Chrome/48.0.2564.23 Safari/537.36"
::1 - - [Fri, 19 Feb 2016 08:44:33 GMT] "GET /u/admin HTTP/1.1" 200 977 "http://localhost:3000/" "Mozilla/5.0 (Windows NT 6.1; WOW64) AppleWebKit/537.36 (KHTML, like Gecko) Chrome/48.0.2564.23 Safari/537.36"
::1 - - [Fri, 19 Feb 2016 08:44:33 GMT] "GET /stylesheets/bootstrap.min.css HTTP/1.1" 304 - "http://localhost:3000/u/admin" "Mozilla/5.0 (Windows NT 6.1; WOW64) AppleWebKit/537.36 (KHTML, like Gecko) Chrome/48.0.2564.23 Safari/537.36"
::1 - - [Fri, 19 Feb 2016 08:44:33 GMT] "GET /stylesheets/bootstrap-theme.min.css HTTP/1.1" 304 - "http://localhost:3000/u/admin" "Mozilla/5.0 (Windows NT 6.1; WOW64) AppleWebKit/537.36 (KHTML, like Gecko) Chrome/48.0.2564.23 Safari/537.36"
::1 - - [Fri, 19 Feb 2016 08:44:33 GMT] "GET /stylesheets/style.css HTTP/1.1" 304 - "http://localhost:3000/u/admin" "Mozilla/5.0 (Windows NT 6.1; WOW64) AppleWebKit/537.36 (KHTML, like Gecko) Chrome/48.0.2564.23 Safari/537.36"
::1 - - [Fri, 19 Feb 2016 08:44:35 GMT] "GET / HTTP/1.1" 304 - "http://localhost:3000/u/admin" "Mozilla/5.0 (Windows NT 6.1; WOW64) AppleWebKit/537.36 (KHTML, like Gecko) Chrome/48.0.2564.23 Safari/537.36"
::1 - - [Fri, 19 Feb 2016 08:44:35 GMT] "GET /stylesheets/bootstrap.min.css HTTP/1.1" 304 - "http://localhost:3000/" "Mozilla/5.0 (Windows NT 6.1; WOW64) AppleWebKit/537.36 (KHTML, like Gecko) Chrome/48.0.2564.23 Safari/537.36"
::1 - - [Fri, 19 Feb 2016 08:44:35 GMT] "GET /stylesheets/bootstrap-theme.min.css HTTP/1.1" 304 - "http://localhost:3000/" "Mozilla/5.0 (Windows NT 6.1; WOW64) AppleWebKit/537.36 (KHTML, like Gecko) Chrome/48.0.2564.23 Safari/537.36"
::1 - - [Fri, 19 Feb 2016 08:44:35 GMT] "GET /stylesheets/style.css HTTP/1.1" 304 - "http://localhost:3000/" "Mozilla/5.0 (Windows NT 6.1; WOW64) AppleWebKit/537.36 (KHTML, like Gecko) Chrome/48.0.2564.23 Safari/537.36"
::1 - - [Fri, 19 Feb 2016 08:44:37 GMT] "GET /u/admin HTTP/1.1" 304 - "http://localhost:3000/" "Mozilla/5.0 (Windows NT 6.1; WOW64) AppleWebKit/537.36 (KHTML, like Gecko) Chrome/48.0.2564.23 Safari/537.36"
::1 - - [Fri, 19 Feb 2016 08:44:37 GMT] "GET /stylesheets/bootstrap.min.css HTTP/1.1" 304 - "http://localhost:3000/u/admin" "Mozilla/5.0 (Windows NT 6.1; WOW64) AppleWebKit/537.36 (KHTML, like Gecko) Chrome/48.0.2564.23 Safari/537.36"
::1 - - [Fri, 19 Feb 2016 08:44:37 GMT] "GET /stylesheets/bootstrap-theme.min.css HTTP/1.1" 304 - "http://localhost:3000/u/admin" "Mozilla/5.0 (Windows NT 6.1; WOW64) AppleWebKit/537.36 (KHTML, like Gecko) Chrome/48.0.2564.23 Safari/537.36"
::1 - - [Fri, 19 Feb 2016 08:44:37 GMT] "GET /stylesheets/style.css HTTP/1.1" 304 - "http://localhost:3000/u/admin" "Mozilla/5.0 (Windows NT 6.1; WOW64) AppleWebKit/537.36 (KHTML, like Gecko) Chrome/48.0.2564.23 Safari/537.36"
::1 - - [Fri, 19 Feb 2016 08:44:38 GMT] "GET / HTTP/1.1" 304 - "http://localhost:3000/u/admin" "Mozilla/5.0 (Windows NT 6.1; WOW64) AppleWebKit/537.36 (KHTML, like Gecko) Chrome/48.0.2564.23 Safari/537.36"
::1 - - [Fri, 19 Feb 2016 08:44:38 GMT] "GET /stylesheets/bootstrap.min.css HTTP/1.1" 304 - "http://localhost:3000/" "Mozilla/5.0 (Windows NT 6.1; WOW64) AppleWebKit/537.36 (KHTML, like Gecko) Chrome/48.0.2564.23 Safari/537.36"
::1 - - [Fri, 19 Feb 2016 08:44:38 GMT] "GET /stylesheets/bootstrap-theme.min.css HTTP/1.1" 304 - "http://localhost:3000/" "Mozilla/5.0 (Windows NT 6.1; WOW64) AppleWebKit/537.36 (KHTML, like Gecko) Chrome/48.0.2564.23 Safari/537.36"
::1 - - [Fri, 19 Feb 2016 08:44:38 GMT] "GET /stylesheets/style.css HTTP/1.1" 304 - "http://localhost:3000/" "Mozilla/5.0 (Windows NT 6.1; WOW64) AppleWebKit/537.36 (KHTML, like Gecko) Chrome/48.0.2564.23 Safari/537.36"
::1 - - [Fri, 19 Feb 2016 08:44:39 GMT] "GET /u/Admin/2016-1-22/%E6%A0%87%E7%AD%BE%E6%B5%8B%E8%AF%95 HTTP/1.1" 200 2304 "http://localhost:3000/" "Mozilla/5.0 (Windows NT 6.1; WOW64) AppleWebKit/537.36 (KHTML, like Gecko) Chrome/48.0.2564.23 Safari/537.36"
::1 - - [Fri, 19 Feb 2016 08:44:39 GMT] "GET /stylesheets/bootstrap.min.css HTTP/1.1" 304 - "http://localhost:3000/u/Admin/2016-1-22/%E6%A0%87%E7%AD%BE%E6%B5%8B%E8%AF%95" "Mozilla/5.0 (Windows NT 6.1; WOW64) AppleWebKit/537.36 (KHTML, like Gecko) Chrome/48.0.2564.23 Safari/537.36"
::1 - - [Fri, 19 Feb 2016 08:44:39 GMT] "GET /stylesheets/bootstrap-theme.min.css HTTP/1.1" 304 - "http://localhost:3000/u/Admin/2016-1-22/%E6%A0%87%E7%AD%BE%E6%B5%8B%E8%AF%95" "Mozilla/5.0 (Windows NT 6.1; WOW64) AppleWebKit/537.36 (KHTML, like Gecko) Chrome/48.0.2564.23 Safari/537.36"
::1 - - [Fri, 19 Feb 2016 08:44:39 GMT] "GET /stylesheets/style.css HTTP/1.1" 304 - "http://localhost:3000/u/Admin/2016-1-22/%E6%A0%87%E7%AD%BE%E6%B5%8B%E8%AF%95" "Mozilla/5.0 (Windows NT 6.1; WOW64) AppleWebKit/537.36 (KHTML, like Gecko) Chrome/48.0.2564.23 Safari/537.36"
::1 - - [Fri, 19 Feb 2016 08:44:44 GMT] "GET / HTTP/1.1" 200 2540 "http://localhost:3000/u/Admin/2016-1-22/%E6%A0%87%E7%AD%BE%E6%B5%8B%E8%AF%95" "Mozilla/5.0 (Windows NT 6.1; WOW64) AppleWebKit/537.36 (KHTML, like Gecko) Chrome/48.0.2564.23 Safari/537.36"
::1 - - [Fri, 19 Feb 2016 08:44:44 GMT] "GET /stylesheets/bootstrap.min.css HTTP/1.1" 304 - "http://localhost:3000/" "Mozilla/5.0 (Windows NT 6.1; WOW64) AppleWebKit/537.36 (KHTML, like Gecko) Chrome/48.0.2564.23 Safari/537.36"
::1 - - [Fri, 19 Feb 2016 08:44:44 GMT] "GET /stylesheets/bootstrap-theme.min.css HTTP/1.1" 304 - "http://localhost:3000/" "Mozilla/5.0 (Windows NT 6.1; WOW64) AppleWebKit/537.36 (KHTML, like Gecko) Chrome/48.0.2564.23 Safari/537.36"
::1 - - [Fri, 19 Feb 2016 08:44:44 GMT] "GET /stylesheets/style.css HTTP/1.1" 304 - "http://localhost:3000/" "Mozilla/5.0 (Windows NT 6.1; WOW64) AppleWebKit/537.36 (KHTML, like Gecko) Chrome/48.0.2564.23 Safari/537.36"
::1 - - [Fri, 19 Feb 2016 08:45:45 GMT] "GET /tags/%E6%A0%87%E7%AD%BE3 HTTP/1.1" 200 1118 "http://localhost:3000/" "Mozilla/5.0 (Windows NT 6.1; WOW64) AppleWebKit/537.36 (KHTML, like Gecko) Chrome/48.0.2564.23 Safari/537.36"
::1 - - [Fri, 19 Feb 2016 08:45:45 GMT] "GET /stylesheets/bootstrap.min.css HTTP/1.1" 304 - "http://localhost:3000/tags/%E6%A0%87%E7%AD%BE3" "Mozilla/5.0 (Windows NT 6.1; WOW64) AppleWebKit/537.36 (KHTML, like Gecko) Chrome/48.0.2564.23 Safari/537.36"
::1 - - [Fri, 19 Feb 2016 08:45:45 GMT] "GET /stylesheets/bootstrap-theme.min.css HTTP/1.1" 304 - "http://localhost:3000/tags/%E6%A0%87%E7%AD%BE3" "Mozilla/5.0 (Windows NT 6.1; WOW64) AppleWebKit/537.36 (KHTML, like Gecko) Chrome/48.0.2564.23 Safari/537.36"
::1 - - [Fri, 19 Feb 2016 08:45:45 GMT] "GET /stylesheets/style.css HTTP/1.1" 304 - "http://localhost:3000/tags/%E6%A0%87%E7%AD%BE3" "Mozilla/5.0 (Windows NT 6.1; WOW64) AppleWebKit/537.36 (KHTML, like Gecko) Chrome/48.0.2564.23 Safari/537.36"
::1 - - [Fri, 19 Feb 2016 08:45:47 GMT] "GET /stylesheets/bootstrap.min.css HTTP/1.1" 304 - "-" "Mozilla/5.0 (Windows NT 6.1; WOW64) AppleWebKit/537.36 (KHTML, like Gecko) Chrome/48.0.2564.23 Safari/537.36"
::1 - - [Fri, 19 Feb 2016 08:45:47 GMT] "GET /stylesheets/bootstrap-theme.min.css HTTP/1.1" 304 - "-" "Mozilla/5.0 (Windows NT 6.1; WOW64) AppleWebKit/537.36 (KHTML, like Gecko) Chrome/48.0.2564.23 Safari/537.36"
::1 - - [Fri, 19 Feb 2016 08:45:47 GMT] "GET /stylesheets/style.css HTTP/1.1" 304 - "-" "Mozilla/5.0 (Windows NT 6.1; WOW64) AppleWebKit/537.36 (KHTML, like Gecko) Chrome/48.0.2564.23 Safari/537.36"
::1 - - [Fri, 19 Feb 2016 08:45:48 GMT] "GET /u/Admin/2016-1-22/%E6%A0%87%E7%AD%BE%E6%B5%8B%E8%AF%95 HTTP/1.1" 304 - "http://localhost:3000/" "Mozilla/5.0 (Windows NT 6.1; WOW64) AppleWebKit/537.36 (KHTML, like Gecko) Chrome/48.0.2564.23 Safari/537.36"
::1 - - [Fri, 19 Feb 2016 08:45:48 GMT] "GET /stylesheets/bootstrap.min.css HTTP/1.1" 304 - "http://localhost:3000/u/Admin/2016-1-22/%E6%A0%87%E7%AD%BE%E6%B5%8B%E8%AF%95" "Mozilla/5.0 (Windows NT 6.1; WOW64) AppleWebKit/537.36 (KHTML, like Gecko) Chrome/48.0.2564.23 Safari/537.36"
::1 - - [Fri, 19 Feb 2016 08:45:48 GMT] "GET /stylesheets/bootstrap-theme.min.css HTTP/1.1" 304 - "http://localhost:3000/u/Admin/2016-1-22/%E6%A0%87%E7%AD%BE%E6%B5%8B%E8%AF%95" "Mozilla/5.0 (Windows NT 6.1; WOW64) AppleWebKit/537.36 (KHTML, like Gecko) Chrome/48.0.2564.23 Safari/537.36"
::1 - - [Fri, 19 Feb 2016 08:45:48 GMT] "GET /stylesheets/style.css HTTP/1.1" 304 - "http://localhost:3000/u/Admin/2016-1-22/%E6%A0%87%E7%AD%BE%E6%B5%8B%E8%AF%95" "Mozilla/5.0 (Windows NT 6.1; WOW64) AppleWebKit/537.36 (KHTML, like Gecko) Chrome/48.0.2564.23 Safari/537.36"
::1 - - [Fri, 19 Feb 2016 08:45:53 GMT] "GET /stylesheets/bootstrap.min.css HTTP/1.1" 304 - "-" "Mozilla/5.0 (Windows NT 6.1; WOW64) AppleWebKit/537.36 (KHTML, like Gecko) Chrome/48.0.2564.23 Safari/537.36"
::1 - - [Fri, 19 Feb 2016 08:45:53 GMT] "GET /stylesheets/bootstrap-theme.min.css HTTP/1.1" 304 - "-" "Mozilla/5.0 (Windows NT 6.1; WOW64) AppleWebKit/537.36 (KHTML, like Gecko) Chrome/48.0.2564.23 Safari/537.36"
::1 - - [Fri, 19 Feb 2016 08:45:53 GMT] "GET /stylesheets/style.css HTTP/1.1" 304 - "-" "Mozilla/5.0 (Windows NT 6.1; WOW64) AppleWebKit/537.36 (KHTML, like Gecko) Chrome/48.0.2564.23 Safari/537.36"
::1 - - [Fri, 19 Feb 2016 08:45:54 GMT] "GET / HTTP/1.1" 200 2540 "http://localhost:3000/" "Mozilla/5.0 (Windows NT 6.1; WOW64) AppleWebKit/537.36 (KHTML, like Gecko) Chrome/48.0.2564.23 Safari/537.36"
::1 - - [Fri, 19 Feb 2016 08:45:54 GMT] "GET /stylesheets/bootstrap.min.css HTTP/1.1" 304 - "http://localhost:3000/" "Mozilla/5.0 (Windows NT 6.1; WOW64) AppleWebKit/537.36 (KHTML, like Gecko) Chrome/48.0.2564.23 Safari/537.36"
::1 - - [Fri, 19 Feb 2016 08:45:54 GMT] "GET /stylesheets/bootstrap-theme.min.css HTTP/1.1" 304 - "http://localhost:3000/" "Mozilla/5.0 (Windows NT 6.1; WOW64) AppleWebKit/537.36 (KHTML, like Gecko) Chrome/48.0.2564.23 Safari/537.36"
::1 - - [Fri, 19 Feb 2016 08:45:54 GMT] "GET /stylesheets/style.css HTTP/1.1" 304 - "http://localhost:3000/" "Mozilla/5.0 (Windows NT 6.1; WOW64) AppleWebKit/537.36 (KHTML, like Gecko) Chrome/48.0.2564.23 Safari/537.36"
::1 - - [Fri, 19 Feb 2016 09:38:28 GMT] "GET / HTTP/1.1" 304 - "-" "Mozilla/5.0 (Windows NT 6.1; WOW64) AppleWebKit/537.36 (KHTML, like Gecko) Chrome/48.0.2564.23 Safari/537.36"
::1 - - [Fri, 19 Feb 2016 09:38:29 GMT] "GET /stylesheets/bootstrap.min.css HTTP/1.1" 304 - "http://localhost:3000/" "Mozilla/5.0 (Windows NT 6.1; WOW64) AppleWebKit/537.36 (KHTML, like Gecko) Chrome/48.0.2564.23 Safari/537.36"
::1 - - [Fri, 19 Feb 2016 09:38:29 GMT] "GET /stylesheets/bootstrap-theme.min.css HTTP/1.1" 304 - "http://localhost:3000/" "Mozilla/5.0 (Windows NT 6.1; WOW64) AppleWebKit/537.36 (KHTML, like Gecko) Chrome/48.0.2564.23 Safari/537.36"
::1 - - [Fri, 19 Feb 2016 09:38:29 GMT] "GET /stylesheets/style.css HTTP/1.1" 304 - "http://localhost:3000/" "Mozilla/5.0 (Windows NT 6.1; WOW64) AppleWebKit/537.36 (KHTML, like Gecko) Chrome/48.0.2564.23 Safari/537.36"
::1 - - [Fri, 19 Feb 2016 09:39:38 GMT] "GET /u/Admin/2016-1-22/%E6%A0%87%E7%AD%BE%E6%B5%8B%E8%AF%95 HTTP/1.1" 304 - "http://localhost:3000/" "Mozilla/5.0 (Windows NT 6.1; WOW64) AppleWebKit/537.36 (KHTML, like Gecko) Chrome/48.0.2564.23 Safari/537.36"
::1 - - [Fri, 19 Feb 2016 09:39:38 GMT] "GET /stylesheets/bootstrap.min.css HTTP/1.1" 304 - "http://localhost:3000/u/Admin/2016-1-22/%E6%A0%87%E7%AD%BE%E6%B5%8B%E8%AF%95" "Mozilla/5.0 (Windows NT 6.1; WOW64) AppleWebKit/537.36 (KHTML, like Gecko) Chrome/48.0.2564.23 Safari/537.36"
::1 - - [Fri, 19 Feb 2016 09:39:38 GMT] "GET /stylesheets/bootstrap-theme.min.css HTTP/1.1" 304 - "http://localhost:3000/u/Admin/2016-1-22/%E6%A0%87%E7%AD%BE%E6%B5%8B%E8%AF%95" "Mozilla/5.0 (Windows NT 6.1; WOW64) AppleWebKit/537.36 (KHTML, like Gecko) Chrome/48.0.2564.23 Safari/537.36"
::1 - - [Fri, 19 Feb 2016 09:39:38 GMT] "GET /stylesheets/style.css HTTP/1.1" 304 - "http://localhost:3000/u/Admin/2016-1-22/%E6%A0%87%E7%AD%BE%E6%B5%8B%E8%AF%95" "Mozilla/5.0 (Windows NT 6.1; WOW64) AppleWebKit/537.36 (KHTML, like Gecko) Chrome/48.0.2564.23 Safari/537.36"
::1 - - [Fri, 19 Feb 2016 09:39:44 GMT] "GET /post HTTP/1.1" 200 1446 "http://localhost:3000/u/Admin/2016-1-22/%E6%A0%87%E7%AD%BE%E6%B5%8B%E8%AF%95" "Mozilla/5.0 (Windows NT 6.1; WOW64) AppleWebKit/537.36 (KHTML, like Gecko) Chrome/48.0.2564.23 Safari/537.36"
::1 - - [Fri, 19 Feb 2016 09:39:44 GMT] "GET /stylesheets/bootstrap.min.css HTTP/1.1" 304 - "http://localhost:3000/post" "Mozilla/5.0 (Windows NT 6.1; WOW64) AppleWebKit/537.36 (KHTML, like Gecko) Chrome/48.0.2564.23 Safari/537.36"
::1 - - [Fri, 19 Feb 2016 09:39:44 GMT] "GET /stylesheets/bootstrap-theme.min.css HTTP/1.1" 304 - "http://localhost:3000/post" "Mozilla/5.0 (Windows NT 6.1; WOW64) AppleWebKit/537.36 (KHTML, like Gecko) Chrome/48.0.2564.23 Safari/537.36"
::1 - - [Fri, 19 Feb 2016 09:39:44 GMT] "GET /stylesheets/style.css HTTP/1.1" 304 - "http://localhost:3000/post" "Mozilla/5.0 (Windows NT 6.1; WOW64) AppleWebKit/537.36 (KHTML, like Gecko) Chrome/48.0.2564.23 Safari/537.36"
::1 - - [Fri, 19 Feb 2016 09:39:47 GMT] "GET / HTTP/1.1" 200 2540 "http://localhost:3000/post" "Mozilla/5.0 (Windows NT 6.1; WOW64) AppleWebKit/537.36 (KHTML, like Gecko) Chrome/48.0.2564.23 Safari/537.36"
::1 - - [Fri, 19 Feb 2016 09:39:47 GMT] "GET /stylesheets/bootstrap.min.css HTTP/1.1" 304 - "http://localhost:3000/" "Mozilla/5.0 (Windows NT 6.1; WOW64) AppleWebKit/537.36 (KHTML, like Gecko) Chrome/48.0.2564.23 Safari/537.36"
::1 - - [Fri, 19 Feb 2016 09:39:47 GMT] "GET /stylesheets/bootstrap-theme.min.css HTTP/1.1" 304 - "http://localhost:3000/" "Mozilla/5.0 (Windows NT 6.1; WOW64) AppleWebKit/537.36 (KHTML, like Gecko) Chrome/48.0.2564.23 Safari/537.36"
::1 - - [Fri, 19 Feb 2016 09:39:47 GMT] "GET /stylesheets/style.css HTTP/1.1" 304 - "http://localhost:3000/" "Mozilla/5.0 (Windows NT 6.1; WOW64) AppleWebKit/537.36 (KHTML, like Gecko) Chrome/48.0.2564.23 Safari/537.36"
::1 - - [Fri, 19 Feb 2016 09:39:48 GMT] "GET /u/Admin/2016-1-22/%E6%B5%8B%E8%AF%95%E6%B5%8B%E8%AF%95%E6%B5%8B%E8%AF%95%E6%B5%8B%E8%AF%95 HTTP/1.1" 200 1763 "http://localhost:3000/" "Mozilla/5.0 (Windows NT 6.1; WOW64) AppleWebKit/537.36 (KHTML, like Gecko) Chrome/48.0.2564.23 Safari/537.36"
::1 - - [Fri, 19 Feb 2016 09:39:48 GMT] "GET /stylesheets/bootstrap.min.css HTTP/1.1" 304 - "http://localhost:3000/u/Admin/2016-1-22/%E6%B5%8B%E8%AF%95%E6%B5%8B%E8%AF%95%E6%B5%8B%E8%AF%95%E6%B5%8B%E8%AF%95" "Mozilla/5.0 (Windows NT 6.1; WOW64) AppleWebKit/537.36 (KHTML, like Gecko) Chrome/48.0.2564.23 Safari/537.36"
::1 - - [Fri, 19 Feb 2016 09:39:48 GMT] "GET /stylesheets/bootstrap-theme.min.css HTTP/1.1" 304 - "http://localhost:3000/u/Admin/2016-1-22/%E6%B5%8B%E8%AF%95%E6%B5%8B%E8%AF%95%E6%B5%8B%E8%AF%95%E6%B5%8B%E8%AF%95" "Mozilla/5.0 (Windows NT 6.1; WOW64) AppleWebKit/537.36 (KHTML, like Gecko) Chrome/48.0.2564.23 Safari/537.36"
::1 - - [Fri, 19 Feb 2016 09:39:48 GMT] "GET /stylesheets/style.css HTTP/1.1" 304 - "http://localhost:3000/u/Admin/2016-1-22/%E6%B5%8B%E8%AF%95%E6%B5%8B%E8%AF%95%E6%B5%8B%E8%AF%95%E6%B5%8B%E8%AF%95" "Mozilla/5.0 (Windows NT 6.1; WOW64) AppleWebKit/537.36 (KHTML, like Gecko) Chrome/48.0.2564.23 Safari/537.36"
::1 - - [Fri, 19 Feb 2016 09:39:50 GMT] "GET / HTTP/1.1" 200 2540 "http://localhost:3000/u/Admin/2016-1-22/%E6%B5%8B%E8%AF%95%E6%B5%8B%E8%AF%95%E6%B5%8B%E8%AF%95%E6%B5%8B%E8%AF%95" "Mozilla/5.0 (Windows NT 6.1; WOW64) AppleWebKit/537.36 (KHTML, like Gecko) Chrome/48.0.2564.23 Safari/537.36"
::1 - - [Fri, 19 Feb 2016 09:39:50 GMT] "GET /stylesheets/bootstrap.min.css HTTP/1.1" 304 - "http://localhost:3000/" "Mozilla/5.0 (Windows NT 6.1; WOW64) AppleWebKit/537.36 (KHTML, like Gecko) Chrome/48.0.2564.23 Safari/537.36"
::1 - - [Fri, 19 Feb 2016 09:39:50 GMT] "GET /stylesheets/bootstrap-theme.min.css HTTP/1.1" 304 - "http://localhost:3000/" "Mozilla/5.0 (Windows NT 6.1; WOW64) AppleWebKit/537.36 (KHTML, like Gecko) Chrome/48.0.2564.23 Safari/537.36"
::1 - - [Fri, 19 Feb 2016 09:39:50 GMT] "GET /stylesheets/style.css HTTP/1.1" 304 - "http://localhost:3000/" "Mozilla/5.0 (Windows NT 6.1; WOW64) AppleWebKit/537.36 (KHTML, like Gecko) Chrome/48.0.2564.23 Safari/537.36"
::1 - - [Fri, 19 Feb 2016 09:39:50 GMT] "GET /u/Admin/2016-1-22/%E6%A0%87%E7%AD%BE%E6%B5%8B%E8%AF%95 HTTP/1.1" 304 - "http://localhost:3000/" "Mozilla/5.0 (Windows NT 6.1; WOW64) AppleWebKit/537.36 (KHTML, like Gecko) Chrome/48.0.2564.23 Safari/537.36"
::1 - - [Fri, 19 Feb 2016 09:39:50 GMT] "GET /stylesheets/bootstrap.min.css HTTP/1.1" 304 - "http://localhost:3000/u/Admin/2016-1-22/%E6%A0%87%E7%AD%BE%E6%B5%8B%E8%AF%95" "Mozilla/5.0 (Windows NT 6.1; WOW64) AppleWebKit/537.36 (KHTML, like Gecko) Chrome/48.0.2564.23 Safari/537.36"
::1 - - [Fri, 19 Feb 2016 09:39:50 GMT] "GET /stylesheets/bootstrap-theme.min.css HTTP/1.1" 304 - "http://localhost:3000/u/Admin/2016-1-22/%E6%A0%87%E7%AD%BE%E6%B5%8B%E8%AF%95" "Mozilla/5.0 (Windows NT 6.1; WOW64) AppleWebKit/537.36 (KHTML, like Gecko) Chrome/48.0.2564.23 Safari/537.36"
::1 - - [Fri, 19 Feb 2016 09:39:50 GMT] "GET /stylesheets/style.css HTTP/1.1" 304 - "http://localhost:3000/u/Admin/2016-1-22/%E6%A0%87%E7%AD%BE%E6%B5%8B%E8%AF%95" "Mozilla/5.0 (Windows NT 6.1; WOW64) AppleWebKit/537.36 (KHTML, like Gecko) Chrome/48.0.2564.23 Safari/537.36"
::1 - - [Fri, 19 Feb 2016 09:41:08 GMT] "GET / HTTP/1.1" 200 2540 "http://localhost:3000/u/Admin/2016-1-22/%E6%A0%87%E7%AD%BE%E6%B5%8B%E8%AF%95" "Mozilla/5.0 (Windows NT 6.1; WOW64) AppleWebKit/537.36 (KHTML, like Gecko) Chrome/48.0.2564.23 Safari/537.36"
::1 - - [Fri, 19 Feb 2016 09:41:08 GMT] "GET /stylesheets/bootstrap.min.css HTTP/1.1" 304 - "http://localhost:3000/" "Mozilla/5.0 (Windows NT 6.1; WOW64) AppleWebKit/537.36 (KHTML, like Gecko) Chrome/48.0.2564.23 Safari/537.36"
::1 - - [Fri, 19 Feb 2016 09:41:08 GMT] "GET /stylesheets/bootstrap-theme.min.css HTTP/1.1" 304 - "http://localhost:3000/" "Mozilla/5.0 (Windows NT 6.1; WOW64) AppleWebKit/537.36 (KHTML, like Gecko) Chrome/48.0.2564.23 Safari/537.36"
::1 - - [Fri, 19 Feb 2016 09:41:08 GMT] "GET /stylesheets/style.css HTTP/1.1" 304 - "http://localhost:3000/" "Mozilla/5.0 (Windows NT 6.1; WOW64) AppleWebKit/537.36 (KHTML, like Gecko) Chrome/48.0.2564.23 Safari/537.36"
::1 - - [Fri, 19 Feb 2016 09:41:26 GMT] "GET /u/Admin/2016-1-22/%E6%A0%87%E7%AD%BE%E6%B5%8B%E8%AF%95 HTTP/1.1" 304 - "http://localhost:3000/" "Mozilla/5.0 (Windows NT 6.1; WOW64) AppleWebKit/537.36 (KHTML, like Gecko) Chrome/48.0.2564.23 Safari/537.36"
::1 - - [Fri, 19 Feb 2016 09:41:26 GMT] "GET /stylesheets/bootstrap.min.css HTTP/1.1" 304 - "http://localhost:3000/u/Admin/2016-1-22/%E6%A0%87%E7%AD%BE%E6%B5%8B%E8%AF%95" "Mozilla/5.0 (Windows NT 6.1; WOW64) AppleWebKit/537.36 (KHTML, like Gecko) Chrome/48.0.2564.23 Safari/537.36"
::1 - - [Fri, 19 Feb 2016 09:41:26 GMT] "GET /stylesheets/bootstrap-theme.min.css HTTP/1.1" 304 - "http://localhost:3000/u/Admin/2016-1-22/%E6%A0%87%E7%AD%BE%E6%B5%8B%E8%AF%95" "Mozilla/5.0 (Windows NT 6.1; WOW64) AppleWebKit/537.36 (KHTML, like Gecko) Chrome/48.0.2564.23 Safari/537.36"
::1 - - [Fri, 19 Feb 2016 09:41:26 GMT] "GET /stylesheets/style.css HTTP/1.1" 304 - "http://localhost:3000/u/Admin/2016-1-22/%E6%A0%87%E7%AD%BE%E6%B5%8B%E8%AF%95" "Mozilla/5.0 (Windows NT 6.1; WOW64) AppleWebKit/537.36 (KHTML, like Gecko) Chrome/48.0.2564.23 Safari/537.36"
::1 - - [Sat, 20 Feb 2016 02:15:54 GMT] "GET / HTTP/1.1" 200 2540 "-" "Mozilla/5.0 (Windows NT 6.1; WOW64) AppleWebKit/537.36 (KHTML, like Gecko) Chrome/48.0.2564.23 Safari/537.36"
::1 - - [Sat, 20 Feb 2016 02:15:54 GMT] "GET /stylesheets/bootstrap.min.css HTTP/1.1" 304 - "http://localhost:3000/" "Mozilla/5.0 (Windows NT 6.1; WOW64) AppleWebKit/537.36 (KHTML, like Gecko) Chrome/48.0.2564.23 Safari/537.36"
::1 - - [Sat, 20 Feb 2016 02:15:54 GMT] "GET /stylesheets/bootstrap-theme.min.css HTTP/1.1" 304 - "http://localhost:3000/" "Mozilla/5.0 (Windows NT 6.1; WOW64) AppleWebKit/537.36 (KHTML, like Gecko) Chrome/48.0.2564.23 Safari/537.36"
::1 - - [Sat, 20 Feb 2016 02:15:54 GMT] "GET /stylesheets/style.css HTTP/1.1" 304 - "http://localhost:3000/" "Mozilla/5.0 (Windows NT 6.1; WOW64) AppleWebKit/537.36 (KHTML, like Gecko) Chrome/48.0.2564.23 Safari/537.36"
